<?xml version="1.0" encoding="utf-8"?><testsuites><testsuite name="pytest" errors="0" failures="0" skipped="0" tests="3" time="0.521" timestamp="2026-05-09T07:23:28.140284" hostname="2fef300a6fd9"><testcase classname="examples_rclpy_executors.executors.test.test_copyright" name="test_copyright" time="0.254" /><testcase classname="examples_rclpy_executors.executors.test.test_flake8" name="test_flake8" time="0.122" /><testcase classname="examples_rclpy_executors.executors.test.test_pep257" name="test_pep257" time="0.040" /></testsuite></testsuites>