<?xml version="1.0" encoding="UTF-8"?>
<Site BuildName="(empty)"
	BuildStamp="20260509-0717-Experimental"
	Name="2fef300a6fd9"
	Generator="ctest-4.3.2"
	CompilerName="/usr/bin/c++"
	CompilerVersion="11.4.0"
	OSName="Linux"
	Hostname="2fef300a6fd9"
	OSRelease="6.8.0-110-generic"
	OSVersion="#110~22.04.1-Ubuntu SMP PREEMPT_DYNAMIC Fri Mar 27 12:43:08 UTC "
	OSPlatform="x86_64"
	Is64Bits="1"
	VendorString="GenuineIntel"
	VendorID="Intel Corporation"
	FamilyID="6"
	ModelID="183"
	ModelName="Intel(R) Core(TM) i7-14700HX"
	ProcessorCacheSize="33792"
	NumberOfLogicalCPU="28"
	NumberOfPhysicalCPU="20"
	TotalVirtualMemory="2047"
	TotalPhysicalMemory="15694"
	LogicalProcessorsPerPhysical="1"
	ProcessorClockFrequency="600.267029"
	>
	<Testing>
		<StartDateTime>May 09 07:17 UTC</StartDateTime>
		<StartTestTime>1778311054</StartTestTime>
		<TestList>
			<Test>./copyright</Test>
			<Test>./cppcheck</Test>
			<Test>./cpplint</Test>
			<Test>./lint_cmake</Test>
			<Test>./uncrustify</Test>
			<Test>./xmllint</Test>
		</TestList>
		<Test Status="passed">
			<Name>copyright</Name>
			<Path>.</Path>
			<FullName>./copyright</FullName>
			<FullCommandLine>/usr/bin/python3 "-u" "/opt/ros/humble/share/ament_cmake_test/cmake/run_test.py" "/root/ros2_ws/build/examples_rclcpp_minimal_client/test_results/examples_rclcpp_minimal_client/copyright.xunit.xml" "--package-name" "examples_rclcpp_minimal_client" "--output-file" "/root/ros2_ws/build/examples_rclcpp_minimal_client/ament_copyright/copyright.txt" "--command" "/opt/ros/humble/bin/ament_copyright" "--xunit-file" "/root/ros2_ws/build/examples_rclcpp_minimal_client/test_results/examples_rclcpp_minimal_client/copyright.xunit.xml"</FullCommandLine>
			<StartTestTime>1778311054.921672</StartTestTime>
			<Results>
				<NamedMeasurement type="numeric/double" name="Execution Time">
					<Value>0.233358</Value>
				</NamedMeasurement>
				<NamedMeasurement type="numeric/double" name="Processors">
					<Value>1</Value>
				</NamedMeasurement>
				<NamedMeasurement type="text/string" name="Completion Status">
					<Value>Completed</Value>
				</NamedMeasurement>
				<NamedMeasurement type="text/string" name="Command Line">
					<Value>/usr/bin/python3 "-u" "/opt/ros/humble/share/ament_cmake_test/cmake/run_test.py" "/root/ros2_ws/build/examples_rclcpp_minimal_client/test_results/examples_rclcpp_minimal_client/copyright.xunit.xml" "--package-name" "examples_rclcpp_minimal_client" "--output-file" "/root/ros2_ws/build/examples_rclcpp_minimal_client/ament_copyright/copyright.txt" "--command" "/opt/ros/humble/bin/ament_copyright" "--xunit-file" "/root/ros2_ws/build/examples_rclcpp_minimal_client/test_results/examples_rclcpp_minimal_client/copyright.xunit.xml"</Value>
				</NamedMeasurement>
				<NamedMeasurement type="text/string" name="Environment">
					<Value>#CTEST_RESOURCE_GROUP_COUNT=</Value>
				</NamedMeasurement>
				<Measurement>
					<Value>-- run_test.py: invoking following command in '/root/ros2_ws/src/examples/rclcpp/services/minimal_client':
 - /opt/ros/humble/bin/ament_copyright --xunit-file /root/ros2_ws/build/examples_rclcpp_minimal_client/test_results/examples_rclcpp_minimal_client/copyright.xunit.xml
No problems found, checked 1 files
-- run_test.py: return code 0
-- run_test.py: verify result file '/root/ros2_ws/build/examples_rclcpp_minimal_client/test_results/examples_rclcpp_minimal_client/copyright.xunit.xml'
</Value>
				</Measurement>
			</Results>
			<Labels>
				<Label>copyright</Label>
				<Label>linter</Label>
			</Labels>
		</Test>
		<Test Status="passed">
			<Name>cppcheck</Name>
			<Path>.</Path>
			<FullName>./cppcheck</FullName>
			<FullCommandLine>/usr/bin/python3 "-u" "/opt/ros/humble/share/ament_cmake_test/cmake/run_test.py" "/root/ros2_ws/build/examples_rclcpp_minimal_client/test_results/examples_rclcpp_minimal_client/cppcheck.xunit.xml" "--package-name" "examples_rclcpp_minimal_client" "--output-file" "/root/ros2_ws/build/examples_rclcpp_minimal_client/ament_cppcheck/cppcheck.txt" "--command" "/opt/ros/humble/bin/ament_cppcheck" "--xunit-file" "/root/ros2_ws/build/examples_rclcpp_minimal_client/test_results/examples_rclcpp_minimal_client/cppcheck.xunit.xml"</FullCommandLine>
			<StartTestTime>1778311055.155378</StartTestTime>
			<Results>
				<NamedMeasurement type="numeric/double" name="Execution Time">
					<Value>0.180050</Value>
				</NamedMeasurement>
				<NamedMeasurement type="numeric/double" name="Processors">
					<Value>1</Value>
				</NamedMeasurement>
				<NamedMeasurement type="text/string" name="Completion Status">
					<Value>Completed</Value>
				</NamedMeasurement>
				<NamedMeasurement type="text/string" name="Command Line">
					<Value>/usr/bin/python3 "-u" "/opt/ros/humble/share/ament_cmake_test/cmake/run_test.py" "/root/ros2_ws/build/examples_rclcpp_minimal_client/test_results/examples_rclcpp_minimal_client/cppcheck.xunit.xml" "--package-name" "examples_rclcpp_minimal_client" "--output-file" "/root/ros2_ws/build/examples_rclcpp_minimal_client/ament_cppcheck/cppcheck.txt" "--command" "/opt/ros/humble/bin/ament_cppcheck" "--xunit-file" "/root/ros2_ws/build/examples_rclcpp_minimal_client/test_results/examples_rclcpp_minimal_client/cppcheck.xunit.xml"</Value>
				</NamedMeasurement>
				<NamedMeasurement type="text/string" name="Environment">
					<Value>#CTEST_RESOURCE_GROUP_COUNT=</Value>
				</NamedMeasurement>
				<Measurement>
					<Value>-- run_test.py: invoking following command in '/root/ros2_ws/src/examples/rclcpp/services/minimal_client':
 - /opt/ros/humble/bin/ament_cppcheck --xunit-file /root/ros2_ws/build/examples_rclcpp_minimal_client/test_results/examples_rclcpp_minimal_client/cppcheck.xunit.xml
cppcheck 2.7 has known performance issues and therefore will not be used, set the AMENT_CPPCHECK_ALLOW_SLOW_VERSIONS environment variable to override this.
-- run_test.py: return code 0
-- run_test.py: verify result file '/root/ros2_ws/build/examples_rclcpp_minimal_client/test_results/examples_rclcpp_minimal_client/cppcheck.xunit.xml'
</Value>
				</Measurement>
			</Results>
			<Labels>
				<Label>cppcheck</Label>
				<Label>linter</Label>
			</Labels>
		</Test>
		<Test Status="passed">
			<Name>cpplint</Name>
			<Path>.</Path>
			<FullName>./cpplint</FullName>
			<FullCommandLine>/usr/bin/python3 "-u" "/opt/ros/humble/share/ament_cmake_test/cmake/run_test.py" "/root/ros2_ws/build/examples_rclcpp_minimal_client/test_results/examples_rclcpp_minimal_client/cpplint.xunit.xml" "--package-name" "examples_rclcpp_minimal_client" "--output-file" "/root/ros2_ws/build/examples_rclcpp_minimal_client/ament_cpplint/cpplint.txt" "--command" "/opt/ros/humble/bin/ament_cpplint" "--xunit-file" "/root/ros2_ws/build/examples_rclcpp_minimal_client/test_results/examples_rclcpp_minimal_client/cpplint.xunit.xml"</FullCommandLine>
			<StartTestTime>1778311055.335754</StartTestTime>
			<Results>
				<NamedMeasurement type="numeric/double" name="Execution Time">
					<Value>0.204546</Value>
				</NamedMeasurement>
				<NamedMeasurement type="numeric/double" name="Processors">
					<Value>1</Value>
				</NamedMeasurement>
				<NamedMeasurement type="text/string" name="Completion Status">
					<Value>Completed</Value>
				</NamedMeasurement>
				<NamedMeasurement type="text/string" name="Command Line">
					<Value>/usr/bin/python3 "-u" "/opt/ros/humble/share/ament_cmake_test/cmake/run_test.py" "/root/ros2_ws/build/examples_rclcpp_minimal_client/test_results/examples_rclcpp_minimal_client/cpplint.xunit.xml" "--package-name" "examples_rclcpp_minimal_client" "--output-file" "/root/ros2_ws/build/examples_rclcpp_minimal_client/ament_cpplint/cpplint.txt" "--command" "/opt/ros/humble/bin/ament_cpplint" "--xunit-file" "/root/ros2_ws/build/examples_rclcpp_minimal_client/test_results/examples_rclcpp_minimal_client/cpplint.xunit.xml"</Value>
				</NamedMeasurement>
				<NamedMeasurement type="text/string" name="Environment">
					<Value>#CTEST_RESOURCE_GROUP_COUNT=</Value>
				</NamedMeasurement>
				<Measurement>
					<Value>-- run_test.py: invoking following command in '/root/ros2_ws/src/examples/rclcpp/services/minimal_client':
 - /opt/ros/humble/bin/ament_cpplint --xunit-file /root/ros2_ws/build/examples_rclcpp_minimal_client/test_results/examples_rclcpp_minimal_client/cpplint.xunit.xml
Using '--root=..' argument

Done processing /root/ros2_ws/src/examples/rclcpp/services/minimal_client/main.cpp

No problems found
-- run_test.py: return code 0
-- run_test.py: verify result file '/root/ros2_ws/build/examples_rclcpp_minimal_client/test_results/examples_rclcpp_minimal_client/cpplint.xunit.xml'
</Value>
				</Measurement>
			</Results>
			<Labels>
				<Label>cpplint</Label>
				<Label>linter</Label>
			</Labels>
		</Test>
		<Test Status="passed">
			<Name>lint_cmake</Name>
			<Path>.</Path>
			<FullName>./lint_cmake</FullName>
			<FullCommandLine>/usr/bin/python3 "-u" "/opt/ros/humble/share/ament_cmake_test/cmake/run_test.py" "/root/ros2_ws/build/examples_rclcpp_minimal_client/test_results/examples_rclcpp_minimal_client/lint_cmake.xunit.xml" "--package-name" "examples_rclcpp_minimal_client" "--output-file" "/root/ros2_ws/build/examples_rclcpp_minimal_client/ament_lint_cmake/lint_cmake.txt" "--command" "/opt/ros/humble/bin/ament_lint_cmake" "--xunit-file" "/root/ros2_ws/build/examples_rclcpp_minimal_client/test_results/examples_rclcpp_minimal_client/lint_cmake.xunit.xml"</FullCommandLine>
			<StartTestTime>1778311055.540614</StartTestTime>
			<Results>
				<NamedMeasurement type="numeric/double" name="Execution Time">
					<Value>0.159873</Value>
				</NamedMeasurement>
				<NamedMeasurement type="numeric/double" name="Processors">
					<Value>1</Value>
				</NamedMeasurement>
				<NamedMeasurement type="text/string" name="Completion Status">
					<Value>Completed</Value>
				</NamedMeasurement>
				<NamedMeasurement type="text/string" name="Command Line">
					<Value>/usr/bin/python3 "-u" "/opt/ros/humble/share/ament_cmake_test/cmake/run_test.py" "/root/ros2_ws/build/examples_rclcpp_minimal_client/test_results/examples_rclcpp_minimal_client/lint_cmake.xunit.xml" "--package-name" "examples_rclcpp_minimal_client" "--output-file" "/root/ros2_ws/build/examples_rclcpp_minimal_client/ament_lint_cmake/lint_cmake.txt" "--command" "/opt/ros/humble/bin/ament_lint_cmake" "--xunit-file" "/root/ros2_ws/build/examples_rclcpp_minimal_client/test_results/examples_rclcpp_minimal_client/lint_cmake.xunit.xml"</Value>
				</NamedMeasurement>
				<NamedMeasurement type="text/string" name="Environment">
					<Value>#CTEST_RESOURCE_GROUP_COUNT=</Value>
				</NamedMeasurement>
				<Measurement>
					<Value>-- run_test.py: invoking following command in '/root/ros2_ws/src/examples/rclcpp/services/minimal_client':
 - /opt/ros/humble/bin/ament_lint_cmake --xunit-file /root/ros2_ws/build/examples_rclcpp_minimal_client/test_results/examples_rclcpp_minimal_client/lint_cmake.xunit.xml

No problems found
-- run_test.py: return code 0
-- run_test.py: verify result file '/root/ros2_ws/build/examples_rclcpp_minimal_client/test_results/examples_rclcpp_minimal_client/lint_cmake.xunit.xml'
</Value>
				</Measurement>
			</Results>
			<Labels>
				<Label>lint_cmake</Label>
				<Label>linter</Label>
			</Labels>
		</Test>
		<Test Status="passed">
			<Name>uncrustify</Name>
			<Path>.</Path>
			<FullName>./uncrustify</FullName>
			<FullCommandLine>/usr/bin/python3 "-u" "/opt/ros/humble/share/ament_cmake_test/cmake/run_test.py" "/root/ros2_ws/build/examples_rclcpp_minimal_client/test_results/examples_rclcpp_minimal_client/uncrustify.xunit.xml" "--package-name" "examples_rclcpp_minimal_client" "--output-file" "/root/ros2_ws/build/examples_rclcpp_minimal_client/ament_uncrustify/uncrustify.txt" "--command" "/opt/ros/humble/bin/ament_uncrustify" "--xunit-file" "/root/ros2_ws/build/examples_rclcpp_minimal_client/test_results/examples_rclcpp_minimal_client/uncrustify.xunit.xml"</FullCommandLine>
			<StartTestTime>1778311055.700671</StartTestTime>
			<Results>
				<NamedMeasurement type="numeric/double" name="Execution Time">
					<Value>0.186279</Value>
				</NamedMeasurement>
				<NamedMeasurement type="numeric/double" name="Processors">
					<Value>1</Value>
				</NamedMeasurement>
				<NamedMeasurement type="text/string" name="Completion Status">
					<Value>Completed</Value>
				</NamedMeasurement>
				<NamedMeasurement type="text/string" name="Command Line">
					<Value>/usr/bin/python3 "-u" "/opt/ros/humble/share/ament_cmake_test/cmake/run_test.py" "/root/ros2_ws/build/examples_rclcpp_minimal_client/test_results/examples_rclcpp_minimal_client/uncrustify.xunit.xml" "--package-name" "examples_rclcpp_minimal_client" "--output-file" "/root/ros2_ws/build/examples_rclcpp_minimal_client/ament_uncrustify/uncrustify.txt" "--command" "/opt/ros/humble/bin/ament_uncrustify" "--xunit-file" "/root/ros2_ws/build/examples_rclcpp_minimal_client/test_results/examples_rclcpp_minimal_client/uncrustify.xunit.xml"</Value>
				</NamedMeasurement>
				<NamedMeasurement type="text/string" name="Environment">
					<Value>#CTEST_RESOURCE_GROUP_COUNT=</Value>
				</NamedMeasurement>
				<Measurement>
					<Value>-- run_test.py: invoking following command in '/root/ros2_ws/src/examples/rclcpp/services/minimal_client':
 - /opt/ros/humble/bin/ament_uncrustify --xunit-file /root/ros2_ws/build/examples_rclcpp_minimal_client/test_results/examples_rclcpp_minimal_client/uncrustify.xunit.xml
No code style divergence in file 'main.cpp'

No problems found
-- run_test.py: return code 0
-- run_test.py: verify result file '/root/ros2_ws/build/examples_rclcpp_minimal_client/test_results/examples_rclcpp_minimal_client/uncrustify.xunit.xml'
</Value>
				</Measurement>
			</Results>
			<Labels>
				<Label>linter</Label>
				<Label>uncrustify</Label>
			</Labels>
		</Test>
		<Test Status="passed">
			<Name>xmllint</Name>
			<Path>.</Path>
			<FullName>./xmllint</FullName>
			<FullCommandLine>/usr/bin/python3 "-u" "/opt/ros/humble/share/ament_cmake_test/cmake/run_test.py" "/root/ros2_ws/build/examples_rclcpp_minimal_client/test_results/examples_rclcpp_minimal_client/xmllint.xunit.xml" "--package-name" "examples_rclcpp_minimal_client" "--output-file" "/root/ros2_ws/build/examples_rclcpp_minimal_client/ament_xmllint/xmllint.txt" "--command" "/opt/ros/humble/bin/ament_xmllint" "--xunit-file" "/root/ros2_ws/build/examples_rclcpp_minimal_client/test_results/examples_rclcpp_minimal_client/xmllint.xunit.xml"</FullCommandLine>
			<StartTestTime>1778311055.887247</StartTestTime>
			<Results>
				<NamedMeasurement type="numeric/double" name="Execution Time">
					<Value>2.901519</Value>
				</NamedMeasurement>
				<NamedMeasurement type="numeric/double" name="Processors">
					<Value>1</Value>
				</NamedMeasurement>
				<NamedMeasurement type="text/string" name="Completion Status">
					<Value>Completed</Value>
				</NamedMeasurement>
				<NamedMeasurement type="text/string" name="Command Line">
					<Value>/usr/bin/python3 "-u" "/opt/ros/humble/share/ament_cmake_test/cmake/run_test.py" "/root/ros2_ws/build/examples_rclcpp_minimal_client/test_results/examples_rclcpp_minimal_client/xmllint.xunit.xml" "--package-name" "examples_rclcpp_minimal_client" "--output-file" "/root/ros2_ws/build/examples_rclcpp_minimal_client/ament_xmllint/xmllint.txt" "--command" "/opt/ros/humble/bin/ament_xmllint" "--xunit-file" "/root/ros2_ws/build/examples_rclcpp_minimal_client/test_results/examples_rclcpp_minimal_client/xmllint.xunit.xml"</Value>
				</NamedMeasurement>
				<NamedMeasurement type="text/string" name="Environment">
					<Value>#CTEST_RESOURCE_GROUP_COUNT=</Value>
				</NamedMeasurement>
				<Measurement>
					<Value>-- run_test.py: invoking following command in '/root/ros2_ws/src/examples/rclcpp/services/minimal_client':
 - /opt/ros/humble/bin/ament_xmllint --xunit-file /root/ros2_ws/build/examples_rclcpp_minimal_client/test_results/examples_rclcpp_minimal_client/xmllint.xunit.xml
File 'package.xml' is valid

No problems found
-- run_test.py: return code 0
-- run_test.py: verify result file '/root/ros2_ws/build/examples_rclcpp_minimal_client/test_results/examples_rclcpp_minimal_client/xmllint.xunit.xml'
</Value>
				</Measurement>
			</Results>
			<Labels>
				<Label>linter</Label>
				<Label>xmllint</Label>
			</Labels>
		</Test>
		<EndDateTime>May 09 07:17 UTC</EndDateTime>
		<EndTestTime>1778311058</EndTestTime>
		<ElapsedMinutes>0</ElapsedMinutes>
	</Testing>
</Site>
