Start testing: May 09 07:17 UTC
----------------------------------------------------------
1/6 Testing: copyright
1/6 Test: copyright
Command: "/usr/bin/python3" "-u" "/opt/ros/humble/share/ament_cmake_test/cmake/run_test.py" "/root/ros2_ws/build/examples_rclcpp_minimal_publisher/test_results/examples_rclcpp_minimal_publisher/copyright.xunit.xml" "--package-name" "examples_rclcpp_minimal_publisher" "--output-file" "/root/ros2_ws/build/examples_rclcpp_minimal_publisher/ament_copyright/copyright.txt" "--command" "/opt/ros/humble/bin/ament_copyright" "--xunit-file" "/root/ros2_ws/build/examples_rclcpp_minimal_publisher/test_results/examples_rclcpp_minimal_publisher/copyright.xunit.xml"
Directory: /root/ros2_ws/src/examples/rclcpp/topics/minimal_publisher
"copyright" start time: May 09 07:17 UTC
Output:
----------------------------------------------------------
-- run_test.py: invoking following command in '/root/ros2_ws/src/examples/rclcpp/topics/minimal_publisher':
 - /opt/ros/humble/bin/ament_copyright --xunit-file /root/ros2_ws/build/examples_rclcpp_minimal_publisher/test_results/examples_rclcpp_minimal_publisher/copyright.xunit.xml
No problems found, checked 6 files
-- run_test.py: return code 0
-- run_test.py: verify result file '/root/ros2_ws/build/examples_rclcpp_minimal_publisher/test_results/examples_rclcpp_minimal_publisher/copyright.xunit.xml'
<end of output>
Test time =   0.40 sec
----------------------------------------------------------
Test Passed.
"copyright" end time: May 09 07:17 UTC
"copyright" time elapsed: 00:00:00
----------------------------------------------------------

2/6 Testing: cppcheck
2/6 Test: cppcheck
Command: "/usr/bin/python3" "-u" "/opt/ros/humble/share/ament_cmake_test/cmake/run_test.py" "/root/ros2_ws/build/examples_rclcpp_minimal_publisher/test_results/examples_rclcpp_minimal_publisher/cppcheck.xunit.xml" "--package-name" "examples_rclcpp_minimal_publisher" "--output-file" "/root/ros2_ws/build/examples_rclcpp_minimal_publisher/ament_cppcheck/cppcheck.txt" "--command" "/opt/ros/humble/bin/ament_cppcheck" "--xunit-file" "/root/ros2_ws/build/examples_rclcpp_minimal_publisher/test_results/examples_rclcpp_minimal_publisher/cppcheck.xunit.xml"
Directory: /root/ros2_ws/src/examples/rclcpp/topics/minimal_publisher
"cppcheck" start time: May 09 07:17 UTC
Output:
----------------------------------------------------------
-- run_test.py: invoking following command in '/root/ros2_ws/src/examples/rclcpp/topics/minimal_publisher':
 - /opt/ros/humble/bin/ament_cppcheck --xunit-file /root/ros2_ws/build/examples_rclcpp_minimal_publisher/test_results/examples_rclcpp_minimal_publisher/cppcheck.xunit.xml
cppcheck 2.7 has known performance issues and therefore will not be used, set the AMENT_CPPCHECK_ALLOW_SLOW_VERSIONS environment variable to override this.
-- run_test.py: return code 0
-- run_test.py: verify result file '/root/ros2_ws/build/examples_rclcpp_minimal_publisher/test_results/examples_rclcpp_minimal_publisher/cppcheck.xunit.xml'
<end of output>
Test time =   0.17 sec
----------------------------------------------------------
Test Passed.
"cppcheck" end time: May 09 07:17 UTC
"cppcheck" time elapsed: 00:00:00
----------------------------------------------------------

3/6 Testing: cpplint
3/6 Test: cpplint
Command: "/usr/bin/python3" "-u" "/opt/ros/humble/share/ament_cmake_test/cmake/run_test.py" "/root/ros2_ws/build/examples_rclcpp_minimal_publisher/test_results/examples_rclcpp_minimal_publisher/cpplint.xunit.xml" "--package-name" "examples_rclcpp_minimal_publisher" "--output-file" "/root/ros2_ws/build/examples_rclcpp_minimal_publisher/ament_cpplint/cpplint.txt" "--command" "/opt/ros/humble/bin/ament_cpplint" "--xunit-file" "/root/ros2_ws/build/examples_rclcpp_minimal_publisher/test_results/examples_rclcpp_minimal_publisher/cpplint.xunit.xml"
Directory: /root/ros2_ws/src/examples/rclcpp/topics/minimal_publisher
"cpplint" start time: May 09 07:17 UTC
Output:
----------------------------------------------------------
-- run_test.py: invoking following command in '/root/ros2_ws/src/examples/rclcpp/topics/minimal_publisher':
 - /opt/ros/humble/bin/ament_cpplint --xunit-file /root/ros2_ws/build/examples_rclcpp_minimal_publisher/test_results/examples_rclcpp_minimal_publisher/cpplint.xunit.xml
Using '--root=..' argument

Done processing /root/ros2_ws/src/examples/rclcpp/topics/minimal_publisher/lambda.cpp

Done processing /root/ros2_ws/src/examples/rclcpp/topics/minimal_publisher/member_function.cpp

Done processing /root/ros2_ws/src/examples/rclcpp/topics/minimal_publisher/member_function_with_type_adapter.cpp

Done processing /root/ros2_ws/src/examples/rclcpp/topics/minimal_publisher/member_function_with_unique_network_flow_endpoints.cpp

Done processing /root/ros2_ws/src/examples/rclcpp/topics/minimal_publisher/member_function_with_wait_for_all_acked.cpp

Done processing /root/ros2_ws/src/examples/rclcpp/topics/minimal_publisher/not_composable.cpp

No problems found
-- run_test.py: return code 0
-- run_test.py: verify result file '/root/ros2_ws/build/examples_rclcpp_minimal_publisher/test_results/examples_rclcpp_minimal_publisher/cpplint.xunit.xml'
<end of output>
Test time =   0.32 sec
----------------------------------------------------------
Test Passed.
"cpplint" end time: May 09 07:17 UTC
"cpplint" time elapsed: 00:00:00
----------------------------------------------------------

4/6 Testing: lint_cmake
4/6 Test: lint_cmake
Command: "/usr/bin/python3" "-u" "/opt/ros/humble/share/ament_cmake_test/cmake/run_test.py" "/root/ros2_ws/build/examples_rclcpp_minimal_publisher/test_results/examples_rclcpp_minimal_publisher/lint_cmake.xunit.xml" "--package-name" "examples_rclcpp_minimal_publisher" "--output-file" "/root/ros2_ws/build/examples_rclcpp_minimal_publisher/ament_lint_cmake/lint_cmake.txt" "--command" "/opt/ros/humble/bin/ament_lint_cmake" "--xunit-file" "/root/ros2_ws/build/examples_rclcpp_minimal_publisher/test_results/examples_rclcpp_minimal_publisher/lint_cmake.xunit.xml"
Directory: /root/ros2_ws/src/examples/rclcpp/topics/minimal_publisher
"lint_cmake" start time: May 09 07:17 UTC
Output:
----------------------------------------------------------
-- run_test.py: invoking following command in '/root/ros2_ws/src/examples/rclcpp/topics/minimal_publisher':
 - /opt/ros/humble/bin/ament_lint_cmake --xunit-file /root/ros2_ws/build/examples_rclcpp_minimal_publisher/test_results/examples_rclcpp_minimal_publisher/lint_cmake.xunit.xml

No problems found
-- run_test.py: return code 0
-- run_test.py: verify result file '/root/ros2_ws/build/examples_rclcpp_minimal_publisher/test_results/examples_rclcpp_minimal_publisher/lint_cmake.xunit.xml'
<end of output>
Test time =   0.18 sec
----------------------------------------------------------
Test Passed.
"lint_cmake" end time: May 09 07:17 UTC
"lint_cmake" time elapsed: 00:00:00
----------------------------------------------------------

5/6 Testing: uncrustify
5/6 Test: uncrustify
Command: "/usr/bin/python3" "-u" "/opt/ros/humble/share/ament_cmake_test/cmake/run_test.py" "/root/ros2_ws/build/examples_rclcpp_minimal_publisher/test_results/examples_rclcpp_minimal_publisher/uncrustify.xunit.xml" "--package-name" "examples_rclcpp_minimal_publisher" "--output-file" "/root/ros2_ws/build/examples_rclcpp_minimal_publisher/ament_uncrustify/uncrustify.txt" "--command" "/opt/ros/humble/bin/ament_uncrustify" "--xunit-file" "/root/ros2_ws/build/examples_rclcpp_minimal_publisher/test_results/examples_rclcpp_minimal_publisher/uncrustify.xunit.xml"
Directory: /root/ros2_ws/src/examples/rclcpp/topics/minimal_publisher
"uncrustify" start time: May 09 07:17 UTC
Output:
----------------------------------------------------------
-- run_test.py: invoking following command in '/root/ros2_ws/src/examples/rclcpp/topics/minimal_publisher':
 - /opt/ros/humble/bin/ament_uncrustify --xunit-file /root/ros2_ws/build/examples_rclcpp_minimal_publisher/test_results/examples_rclcpp_minimal_publisher/uncrustify.xunit.xml
No code style divergence in file 'lambda.cpp'

No code style divergence in file 'member_function.cpp'

No code style divergence in file 'member_function_with_type_adapter.cpp'

No code style divergence in file 'member_function_with_unique_network_flow_endpoints.cpp'

No code style divergence in file 'member_function_with_wait_for_all_acked.cpp'

No code style divergence in file 'not_composable.cpp'

No problems found
-- run_test.py: return code 0
-- run_test.py: verify result file '/root/ros2_ws/build/examples_rclcpp_minimal_publisher/test_results/examples_rclcpp_minimal_publisher/uncrustify.xunit.xml'
<end of output>
Test time =   0.17 sec
----------------------------------------------------------
Test Passed.
"uncrustify" end time: May 09 07:17 UTC
"uncrustify" time elapsed: 00:00:00
----------------------------------------------------------

6/6 Testing: xmllint
6/6 Test: xmllint
Command: "/usr/bin/python3" "-u" "/opt/ros/humble/share/ament_cmake_test/cmake/run_test.py" "/root/ros2_ws/build/examples_rclcpp_minimal_publisher/test_results/examples_rclcpp_minimal_publisher/xmllint.xunit.xml" "--package-name" "examples_rclcpp_minimal_publisher" "--output-file" "/root/ros2_ws/build/examples_rclcpp_minimal_publisher/ament_xmllint/xmllint.txt" "--command" "/opt/ros/humble/bin/ament_xmllint" "--xunit-file" "/root/ros2_ws/build/examples_rclcpp_minimal_publisher/test_results/examples_rclcpp_minimal_publisher/xmllint.xunit.xml"
Directory: /root/ros2_ws/src/examples/rclcpp/topics/minimal_publisher
"xmllint" start time: May 09 07:17 UTC
Output:
----------------------------------------------------------
-- run_test.py: invoking following command in '/root/ros2_ws/src/examples/rclcpp/topics/minimal_publisher':
 - /opt/ros/humble/bin/ament_xmllint --xunit-file /root/ros2_ws/build/examples_rclcpp_minimal_publisher/test_results/examples_rclcpp_minimal_publisher/xmllint.xunit.xml
File 'package.xml' is valid

No problems found
-- run_test.py: return code 0
-- run_test.py: verify result file '/root/ros2_ws/build/examples_rclcpp_minimal_publisher/test_results/examples_rclcpp_minimal_publisher/xmllint.xunit.xml'
<end of output>
Test time =   2.62 sec
----------------------------------------------------------
Test Passed.
"xmllint" end time: May 09 07:17 UTC
"xmllint" time elapsed: 00:00:02
----------------------------------------------------------

End testing: May 09 07:17 UTC

copyright =   0.40 sec*proc

cppcheck =   0.17 sec*proc

cpplint =   0.32 sec*proc

lint_cmake =   0.18 sec*proc

linter =   3.86 sec*proc

uncrustify =   0.17 sec*proc

xmllint =   2.62 sec*proc

